e:\técnicas ia\tecnicas-de-ia\sdl_steering_behaviors\sdl_steering_behaviors\sdl_steering_behaviors\debug\vc141.pdb
e:\técnicas ia\tecnicas-de-ia\sdl_steering_behaviors\sdl_steering_behaviors\sdl_steering_behaviors\debug\vc141.idb
e:\técnicas ia\tecnicas-de-ia\sdl_steering_behaviors\sdl_steering_behaviors\sdl_steering_behaviors\debug\utils.obj
e:\técnicas ia\tecnicas-de-ia\sdl_steering_behaviors\sdl_steering_behaviors\sdl_steering_behaviors\debug\steeringbehavior.obj
e:\técnicas ia\tecnicas-de-ia\sdl_steering_behaviors\sdl_steering_behaviors\sdl_steering_behaviors\debug\sdl_simpleapp.obj
e:\técnicas ia\tecnicas-de-ia\sdl_steering_behaviors\sdl_steering_behaviors\sdl_steering_behaviors\debug\scenekinematicseek.obj
e:\técnicas ia\tecnicas-de-ia\sdl_steering_behaviors\sdl_steering_behaviors\sdl_steering_behaviors\debug\scenekinematicflee.obj
e:\técnicas ia\tecnicas-de-ia\sdl_steering_behaviors\sdl_steering_behaviors\sdl_steering_behaviors\debug\main.obj
e:\técnicas ia\tecnicas-de-ia\sdl_steering_behaviors\sdl_steering_behaviors\sdl_steering_behaviors\debug\agent.obj
e:\técnicas ia\tecnicas-de-ia\sdl_steering_behaviors\bin\sdl_steering_behaviors.ilk
e:\técnicas ia\tecnicas-de-ia\sdl_steering_behaviors\bin\sdl_steering_behaviors.exe
e:\técnicas ia\tecnicas-de-ia\sdl_steering_behaviors\bin\sdl_steering_behaviors.pdb
e:\técnicas ia\tecnicas-de-ia\sdl_steering_behaviors\\bin\sdl_steering_behaviors.pdb
e:\técnicas ia\tecnicas-de-ia\sdl_steering_behaviors\\bin\sdl_steering_behaviors.exe
e:\técnicas ia\tecnicas-de-ia\sdl_steering_behaviors\\bin\sdl_steering_behaviors.ilk
e:\técnicas ia\tecnicas-de-ia\sdl_steering_behaviors\sdl_steering_behaviors\sdl_steering_behaviors\debug\sdl_stee.48d8afb0.tlog\cl.command.1.tlog
e:\técnicas ia\tecnicas-de-ia\sdl_steering_behaviors\sdl_steering_behaviors\sdl_steering_behaviors\debug\sdl_stee.48d8afb0.tlog\cl.read.1.tlog
e:\técnicas ia\tecnicas-de-ia\sdl_steering_behaviors\sdl_steering_behaviors\sdl_steering_behaviors\debug\sdl_stee.48d8afb0.tlog\cl.write.1.tlog
e:\técnicas ia\tecnicas-de-ia\sdl_steering_behaviors\sdl_steering_behaviors\sdl_steering_behaviors\debug\sdl_stee.48d8afb0.tlog\link.command.1.tlog
e:\técnicas ia\tecnicas-de-ia\sdl_steering_behaviors\sdl_steering_behaviors\sdl_steering_behaviors\debug\sdl_stee.48d8afb0.tlog\link.read.1.tlog
e:\técnicas ia\tecnicas-de-ia\sdl_steering_behaviors\sdl_steering_behaviors\sdl_steering_behaviors\debug\sdl_stee.48d8afb0.tlog\link.write.1.tlog
